<?xml version="1.0" encoding="UTF-8"?>
<!-- Generated by org.testng.reporters.JUnitXMLReporter -->
<testsuite ignored="2" hostname="DESKTOP-4JOONED" failures="0" tests="18" name="Test" time="68.0" errors="0" timestamp="2022-11-02T21:05:04 BDT">
  <testcase classname="tests.SelectBook" name="closePopUp" time="6.306"/>
  <testcase classname="tests.SelectBook" name="clickOnlakhok" time="5.215"/>
  <testcase classname="tests.SelectBook" name="selectNextPage" time="5.065"/>
  <testcase classname="tests.SelectBook" name="selectGeneralBooks" time="6.177"/>
  <testcase classname="tests.SelectBook" name="viewAnyBookDetails" time="13.973"/>
  <testcase classname="tests.SelectBook" name="clickOnOrder" time="4.379"/>
  <testcase classname="tests.SelectBook" name="clickOnorderShoponnoKorun" time="7.53"/>
  <testcase classname="tests.ProvideInformations" name="clickOnCheckbox" time="1.122"/>
  <testcase classname="tests.ProvideInformations" name="fillPassword" time="1.221"/>
  <testcase classname="tests.ProvideInformations" name="fillName" time="1.182"/>
  <testcase classname="tests.ProvideInformations" name="fillPhoneNumber" time="1.19"/>
  <testcase classname="tests.ProvideInformations" name="fillEmail" time="1.181"/>
  <testcase classname="tests.ProvideInformations" name="clickOnStateContainer" time="1.155"/>
  <testcase classname="tests.ProvideInformations" name="selectState" time="1.077"/>
  <testcase classname="tests.ProvideInformations" name="clickOnArea" time="1.112"/>
  <testcase classname="tests.ProvideInformations" name="selectArea" time="1.078"/>
  <testcase classname="tests.ProvideInformations" name="fillBillingAddrees" time="1.194"/>
  <testcase classname="tests.ProvideInformations" name="fillOrderComments" time="3.436"/>
  <testcase classname="drivers.BaseDriver" name="@BeforeSuite start" time="0.0">
    <ignored/>
  </testcase> <!-- @BeforeSuite start -->
  <testcase classname="drivers.BaseDriver" name="@AfterSuite close" time="0.0">
    <ignored/>
  </testcase> <!-- @AfterSuite close -->
</testsuite> <!-- Test -->
